START: ptest-runner
2023-09-09T00:25
BEGIN: /usr/lib/fftw/ptest
fftw  test result:PASSED
fftwf test result:PASSED
fftwl test result:PASSED
DURATION: 640
END: /usr/lib/fftw/ptest
2023-09-09T00:36
2023-09-09T00:36
BEGIN: /usr/lib/gnuradio/ptest
Test project /usr/lib/gnuradio/ptest
        Start   1: qa_flowgraph
  1/218 Test   #1: qa_flowgraph .........................   Passed
        Start   2: qa_prefs
  2/218 Test   #2: qa_prefs .............................   Passed
        Start   3: qa_python_logging
  3/218 Test   #3: qa_python_logging ....................   Passed
        Start   4: qa_random
  4/218 Test   #4: qa_random ............................   Passed
        Start   5: qa_tag_utils
  5/218 Test   #5: qa_tag_utils .........................   Passed
        Start   6: qa_hier_block2
  6/218 Test   #6: qa_hier_block2 .......................   Passed
        Start   7: qa_uncaught_exception
  7/218 Test   #7: qa_uncaught_exception ................   Passed
        Start   8: qa_pmt
  8/218 Test   #8: qa_pmt ...............................   Passed
        Start   9: qa_pmt_to_python
  9/218 Test   #9: qa_pmt_to_python .....................   Passed
        Start  10: qa_add_mult_div_sub
 10/218 Test  #10: qa_add_mult_div_sub ..................***Failed
        Start  11: qa_add_mult_v
 11/218 Test  #11: qa_add_mult_v ........................***Failed
        Start  12: qa_affinity
 12/218 Test  #12: qa_affinity ..........................   Passed
        Start  13: qa_argmax
 13/218 Test  #13: qa_argmax ............................   Passed
        Start  14: qa_block_behavior
 14/218 Test  #14: qa_block_behavior ....................   Passed
        Start  15: qa_block_gateway
 15/218 Test  #15: qa_block_gateway .....................   Passed
        Start  16: qa_blockinterleaver_xx
 16/218 Test  #16: qa_blockinterleaver_xx ...............   Passed
        Start  17: qa_blocks_hier_block2
 17/218 Test  #17: qa_blocks_hier_block2 ................   Passed
        Start  18: qa_boolean_operators
 18/218 Test  #18: qa_boolean_operators .................   Passed
        Start  19: qa_burst_tagger
 19/218 Test  #19: qa_burst_tagger ......................   Passed
        Start  20: qa_conjugate
 20/218 Test  #20: qa_conjugate .........................   Passed
        Start  21: qa_copy
 21/218 Test  #21: qa_copy ..............................   Passed
        Start  22: qa_delay
 22/218 Test  #22: qa_delay .............................   Passed
        Start  23: qa_endian_swap
 23/218 Test  #23: qa_endian_swap .......................   Passed
        Start  24: qa_exponentiate_const_cci
 24/218 Test  #24: qa_exponentiate_const_cci ............   Passed
        Start  25: qa_file_descriptor_source_sink
 25/218 Test  #25: qa_file_descriptor_source_sink .......   Passed
        Start  26: qa_file_metadata
 26/218 Test  #26: qa_file_metadata .....................   Passed
        Start  27: qa_file_sink
 27/218 Test  #27: qa_file_sink .........................   Passed
        Start  28: qa_file_source
 28/218 Test  #28: qa_file_source .......................   Passed
        Start  29: qa_head
 29/218 Test  #29: qa_head ..............................   Passed
        Start  30: qa_hier_block2_message_connections
 30/218 Test  #30: qa_hier_block2_message_connections ...   Passed
        Start  31: qa_host_buffer_copy
 31/218 Test  #31: qa_host_buffer_copy ..................   Passed
        Start  32: qa_integrate
 32/218 Test  #32: qa_integrate .........................   Passed
        Start  33: qa_interleave
 33/218 Test  #33: qa_interleave ........................   Passed
        Start  34: qa_keep_m_in_n
 34/218 Test  #34: qa_keep_m_in_n .......................   Passed
        Start  35: qa_keep_one_in_n
 35/218 Test  #35: qa_keep_one_in_n .....................   Passed
        Start  36: qa_logger
 36/218 Test  #36: qa_logger ............................   Passed
        Start  37: qa_matrix_interleaver
 37/218 Test  #37: qa_matrix_interleaver ................   Passed
        Start  38: qa_max
 38/218 Test  #38: qa_max ...............................   Passed
        Start  39: qa_message
 39/218 Test  #39: qa_message ...........................   Passed
        Start  40: qa_message_debug
 40/218 Test  #40: qa_message_debug .....................   Passed
        Start  41: qa_message_strobe
 41/218 Test  #41: qa_message_strobe ....................   Passed
        Start  42: qa_min
 42/218 Test  #42: qa_min ...............................   Passed
        Start  43: qa_moving_average
 43/218 Test  #43: qa_moving_average ....................   Passed
        Start  44: qa_multiply_conjugate
 44/218 Test  #44: qa_multiply_conjugate ................   Passed
        Start  45: qa_multiply_matrix_xx
 45/218 Test  #45: qa_multiply_matrix_xx ................   Passed
        Start  46: qa_mute
 46/218 Test  #46: qa_mute ..............................   Passed
        Start  47: qa_nlog10
 47/218 Test  #47: qa_nlog10 ............................   Passed
        Start  48: qa_null_sink_source
 48/218 Test  #48: qa_null_sink_source ..................   Passed
        Start  49: qa_pack_k_bits
 49/218 Test  #49: qa_pack_k_bits .......................   Passed
        Start  50: qa_packed_to_unpacked
 50/218 Test  #50: qa_packed_to_unpacked ................   Passed
        Start  51: qa_patterned_interleaver
 51/218 Test  #51: qa_patterned_interleaver .............   Passed
        Start  52: qa_peak_detector
 52/218 Test  #52: qa_peak_detector .....................   Passed
        Start  53: qa_peak_detector2
 53/218 Test  #53: qa_peak_detector2 ....................   Passed
        Start  54: qa_pipe_fittings
 54/218 Test  #54: qa_pipe_fittings .....................   Passed
        Start  55: qa_plateau_detector_fb
 55/218 Test  #55: qa_plateau_detector_fb ...............   Passed
        Start  56: qa_probe_signal
 56/218 Test  #56: qa_probe_signal ......................   Passed
        Start  57: qa_python_message_passing
 57/218 Test  #57: qa_python_message_passing ............   Passed
        Start  58: qa_regenerate
 58/218 Test  #58: qa_regenerate ........................   Passed
        Start  59: qa_repack_bits_bb
 59/218 Test  #59: qa_repack_bits_bb ....................   Passed
        Start  60: qa_repeat
 60/218 Test  #60: qa_repeat ............................   Passed
        Start  61: qa_rms
 61/218 Test  #61: qa_rms ...............................   Passed
        Start  62: qa_rotator_cc
 62/218 Test  #62: qa_rotator_cc ........................   Passed
        Start  63: qa_sample_and_hold
 63/218 Test  #63: qa_sample_and_hold ...................   Passed
        Start  64: qa_selector
 64/218 Test  #64: qa_selector ..........................   Passed
        Start  65: qa_skiphead
 65/218 Test  #65: qa_skiphead ..........................   Passed
        Start  66: qa_stream_demux
 66/218 Test  #66: qa_stream_demux ......................   Passed
        Start  67: qa_stream_mux
 67/218 Test  #67: qa_stream_mux ........................   Passed
        Start  68: qa_stream_to_tagged_stream
 68/218 Test  #68: qa_stream_to_tagged_stream ...........   Passed
        Start  69: qa_stretch
 69/218 Test  #69: qa_stretch ...........................   Passed
        Start  70: qa_tag_debug
 70/218 Test  #70: qa_tag_debug .........................   Passed
        Start  71: qa_tag_file_sink
 71/218 Test  #71: qa_tag_file_sink .....................   Passed
        Start  72: qa_tag_gate
 72/218 Test  #72: qa_tag_gate ..........................   Passed
        Start  73: qa_tag_share
 73/218 Test  #73: qa_tag_share .........................   Passed
        Start  74: qa_tagged_stream_mux
 74/218 Test  #74: qa_tagged_stream_mux .................   Passed
        Start  75: qa_tags_strobe
 75/218 Test  #75: qa_tags_strobe .......................   Passed
        Start  76: qa_threshold
 76/218 Test  #76: qa_threshold .........................   Passed
        Start  77: qa_throttle
 77/218 Test  #77: qa_throttle ..........................   Passed
        Start  78: qa_transcendental
 78/218 Test  #78: qa_transcendental ....................   Passed
        Start  79: qa_tsb_vector_sink_X
 79/218 Test  #79: qa_tsb_vector_sink_X .................   Passed
        Start  80: qa_type_conversions
 80/218 Test  #80: qa_type_conversions ..................***Failed
        Start  81: qa_unpack_k_bits
 81/218 Test  #81: qa_unpack_k_bits .....................   Passed
        Start  82: qa_vco
 82/218 Test  #82: qa_vco ...............................   Passed
        Start  83: qa_vector_insert
 83/218 Test  #83: qa_vector_insert .....................   Passed
        Start  84: qa_vector_map
 84/218 Test  #84: qa_vector_map ........................   Passed
        Start  85: qa_vector_sink_source
 85/218 Test  #85: qa_vector_sink_source ................   Passed
        Start  86: qa_wavfile
 86/218 Test  #86: qa_wavfile ...........................***Failed
        Start  87: test_rs
Could not find executable gr_fec_rstest
Looked in the following places:
gr_fec_rstest
gr_fec_rstest
Release/gr_fec_rstest
Release/gr_fec_rstest
Debug/gr_fec_rstest
Debug/gr_fec_rstest
MinSizeRel/gr_fec_rstest
MinSizeRel/gr_fec_rstest
RelWithDebInfo/gr_fec_rstest
RelWithDebInfo/gr_fec_rstest
Deployment/gr_fec_rstest
Deployment/gr_fec_rstest
Development/gr_fec_rstest
Development/gr_fec_rstest
Unable to find executable: gr_fec_rstest
 87/218 Test  #87: test_rs ..............................***Not Run
        Start  88: qa_ber_bf
 88/218 Test  #88: qa_ber_bf ............................   Passed
        Start  89: qa_depuncture
 89/218 Test  #89: qa_depuncture ........................   Passed
        Start  90: qa_ecc_ccsds_27
 90/218 Test  #90: qa_ecc_ccsds_27 ......................   Passed
        Start  91: qa_fecapi_cc
 91/218 Test  #91: qa_fecapi_cc .........................   Passed
        Start  92: qa_fecapi_cc_buffer_overflow
 92/218 Test  #92: qa_fecapi_cc_buffer_overflow .........   Passed
        Start  93: qa_fecapi_dummy
 93/218 Test  #93: qa_fecapi_dummy ......................   Passed
        Start  94: qa_fecapi_ldpc
 94/218 Test  #94: qa_fecapi_ldpc .......................   Passed
        Start  95: qa_fecapi_repetition
 95/218 Test  #95: qa_fecapi_repetition .................   Passed
        Start  96: qa_polar_decoder_sc
 96/218 Test  #96: qa_polar_decoder_sc ..................   Passed
        Start  97: qa_polar_decoder_sc_list
 97/218 Test  #97: qa_polar_decoder_sc_list .............   Passed
        Start  98: qa_polar_decoder_sc_systematic
 98/218 Test  #98: qa_polar_decoder_sc_systematic .......   Passed
        Start  99: qa_polar_encoder
 99/218 Test  #99: qa_polar_encoder .....................   Passed
        Start 100: qa_polar_encoder_systematic
100/218 Test #100: qa_polar_encoder_systematic ..........   Passed
        Start 101: qa_puncture
101/218 Test #101: qa_puncture ..........................   Passed
        Start 102: qa_fft
102/218 Test #102: qa_fft ...............................   Passed
        Start 103: qa_goertzel
103/218 Test #103: qa_goertzel ..........................   Passed
        Start 104: qa_window
104/218 Test #104: qa_window ............................   Passed
        Start 105: qa_dc_blocker
105/218 Test #105: qa_dc_blocker ........................   Passed
        Start 106: qa_fft_filter
106/218 Test #106: qa_fft_filter ........................***Failed
        Start 107: qa_file_taps_loader
107/218 Test #107: qa_file_taps_loader ..................   Passed
        Start 108: qa_filter_delay_fc
108/218 Test #108: qa_filter_delay_fc ...................   Passed
        Start 109: qa_filterbank
109/218 Test #109: qa_filterbank ........................   Passed
        Start 110: qa_fir_filter
110/218 Test #110: qa_fir_filter ........................   Passed
        Start 111: qa_firdes
111/218 Test #111: qa_firdes ............................   Passed
        Start 112: qa_fractional_interpolator
112/218 Test #112: qa_fractional_interpolator ...........   Passed
        Start 113: qa_fractional_resampler
113/218 Test #113: qa_fractional_resampler ..............   Passed
        Start 114: qa_freq_xlating_fft_filter
114/218 Test #114: qa_freq_xlating_fft_filter ...........   Passed
        Start 115: qa_freq_xlating_fir_filter
115/218 Test #115: qa_freq_xlating_fir_filter ...........   Passed
        Start 116: qa_hilbert
116/218 Test #116: qa_hilbert ...........................   Passed
        Start 117: qa_iir_filter
117/218 Test #117: qa_iir_filter ........................   Passed
        Start 118: qa_interp_fir_filter
118/218 Test #118: qa_interp_fir_filter .................***Failed
        Start 119: qa_pfb_arb_resampler
119/218 Test #119: qa_pfb_arb_resampler .................   Passed
        Start 120: qa_pfb_channelizer
120/218 Test #120: qa_pfb_channelizer ...................   Passed
        Start 121: qa_pfb_decimator
121/218 Test #121: qa_pfb_decimator .....................   Passed
        Start 122: qa_pfb_interpolator
122/218 Test #122: qa_pfb_interpolator ..................   Passed
        Start 123: qa_pfb_synthesizer
123/218 Test #123: qa_pfb_synthesizer ...................   Passed
        Start 124: qa_pm_remez
124/218 Test #124: qa_pm_remez ..........................   Passed
        Start 125: qa_rational_resampler
125/218 Test #125: qa_rational_resampler ................***Failed
        Start 126: qa_single_pole_iir
126/218 Test #126: qa_single_pole_iir ...................   Passed
        Start 127: qa_agc
127/218 Test #127: qa_agc ...............................   Passed
        Start 128: qa_cpfsk
128/218 Test #128: qa_cpfsk .............................   Passed
        Start 129: qa_ctcss_squelch
129/218 Test #129: qa_ctcss_squelch .....................   Passed
        Start 130: qa_dpll
130/218 Test #130: qa_dpll ..............................   Passed
        Start 131: qa_fastnoise
131/218 Test #131: qa_fastnoise .........................   Passed
        Start 132: qa_fm_emph
132/218 Test #132: qa_fm_emph ...........................   Passed
        Start 133: qa_fmdet
133/218 Test #133: qa_fmdet .............................   Passed
        Start 134: qa_frequency_modulator
134/218 Test #134: qa_frequency_modulator ...............   Passed
        Start 135: qa_noise
135/218 Test #135: qa_noise .............................   Passed
        Start 136: qa_phase_modulator
136/218 Test #136: qa_phase_modulator ...................   Passed
        Start 137: qa_pll_carriertracking
137/218 Test #137: qa_pll_carriertracking ...............   Passed
        Start 138: qa_pll_freqdet
138/218 Test #138: qa_pll_freqdet .......................   Passed
        Start 139: qa_pll_refout
139/218 Test #139: qa_pll_refout ........................   Passed
        Start 140: qa_probe_avg_mag_sqrd
140/218 Test #140: qa_probe_avg_mag_sqrd ................   Passed
        Start 141: qa_pwr_squelch
141/218 Test #141: qa_pwr_squelch .......................   Passed
        Start 142: qa_quadrature_demod
142/218 Test #142: qa_quadrature_demod ..................   Passed
        Start 143: qa_rail_ff
143/218 Test #143: qa_rail_ff ...........................   Passed
        Start 144: qa_random_uniform_source
144/218 Test #144: qa_random_uniform_source .............   Passed
        Start 145: qa_sig_source
145/218 Test #145: qa_sig_source ........................   Passed
        Start 146: qa_simple_squelch
146/218 Test #146: qa_simple_squelch ....................   Passed
        Start 147: qa_binary_slicer_fb
147/218 Test #147: qa_binary_slicer_fb ..................   Passed
        Start 148: qa_burst_shaper
148/218 Test #148: qa_burst_shaper ......................   Passed
        Start 149: qa_chunks_to_symbols
149/218 Test #149: qa_chunks_to_symbols .................   Passed
        Start 150: qa_clock_recovery_mm
150/218 Test #150: qa_clock_recovery_mm .................   Passed
        Start 151: qa_constellation
151/218 Test #151: qa_constellation .....................   Passed
        Start 152: qa_constellation_decoder_cb
152/218 Test #152: qa_constellation_decoder_cb ..........   Passed
        Start 153: qa_constellation_encoder_bc
153/218 Test #153: qa_constellation_encoder_bc ..........   Passed
        Start 154: qa_constellation_receiver
154/218 Test #154: qa_constellation_receiver ............   Passed
        Start 155: qa_constellation_soft_decoder_cf
155/218 Test #155: qa_constellation_soft_decoder_cf .....   Passed
        Start 156: qa_correlate_access_code
156/218 Test #156: qa_correlate_access_code .............   Passed
        Start 157: qa_correlate_access_code_XX_ts
157/218 Test #157: qa_correlate_access_code_XX_ts .......   Passed
        Start 158: qa_correlate_access_code_tag
158/218 Test #158: qa_correlate_access_code_tag .........   Passed
        Start 159: qa_costas_loop_cc
159/218 Test #159: qa_costas_loop_cc ....................   Passed
        Start 160: qa_cpm
160/218 Test #160: qa_cpm ...............................***Failed
        Start 161: qa_crc
161/218 Test #161: qa_crc ...............................   Passed
        Start 162: qa_crc16_async_bb
162/218 Test #162: qa_crc16_async_bb ....................   Passed
        Start 163: qa_crc32_async_bb
163/218 Test #163: qa_crc32_async_bb ....................   Passed
        Start 164: qa_crc32_bb
164/218 Test #164: qa_crc32_bb ..........................   Passed
        Start 165: qa_decision_feedback_equalizer
165/218 Test #165: qa_decision_feedback_equalizer .......   Passed
        Start 166: qa_diff_encoder
166/218 Test #166: qa_diff_encoder ......................   Passed
        Start 167: qa_diff_encoder_nrzi
167/218 Test #167: qa_diff_encoder_nrzi .................   Passed
        Start 168: qa_diff_phasor_cc
168/218 Test #168: qa_diff_phasor_cc ....................   Passed
        Start 169: qa_digital
169/218 Test #169: qa_digital ...........................   Passed
        Start 170: qa_fll_band_edge
170/218 Test #170: qa_fll_band_edge .....................   Passed
        Start 171: qa_framer_sink
171/218 Test #171: qa_framer_sink .......................   Passed
        Start 172: qa_glfsr_source
172/218 Test #172: qa_glfsr_source ......................   Passed
        Start 173: qa_hdlc_framer
173/218 Test #173: qa_hdlc_framer .......................   Passed
        Start 174: qa_header_payload_demux
174/218 Test #174: qa_header_payload_demux ..............   Passed
        Start 175: qa_lfsr
175/218 Test #175: qa_lfsr ..............................   Passed
        Start 176: qa_linear_equalizer
176/218 Test #176: qa_linear_equalizer ..................***Failed
        Start 177: qa_map
177/218 Test #177: qa_map ...............................   Passed
        Start 178: qa_meas_evm_cc
178/218 Test #178: qa_meas_evm_cc .......................   Passed
        Start 179: qa_mpsk_snr_est
179/218 Test #179: qa_mpsk_snr_est ......................   Passed
        Start 180: qa_ofdm_carrier_allocator_cvc
180/218 Test #180: qa_ofdm_carrier_allocator_cvc ........   Passed
        Start 181: qa_ofdm_chanest_vcvc
181/218 Test #181: qa_ofdm_chanest_vcvc .................   Passed
        Start 182: qa_ofdm_cyclic_prefixer
182/218 Test #182: qa_ofdm_cyclic_prefixer ..............   Passed
        Start 183: qa_ofdm_frame_equalizer_vcvc
183/218 Test #183: qa_ofdm_frame_equalizer_vcvc .........   Passed
        Start 184: qa_ofdm_serializer_vcc
184/218 Test #184: qa_ofdm_serializer_vcc ...............   Passed
        Start 185: qa_ofdm_sync_sc_cfb
185/218 Test #185: qa_ofdm_sync_sc_cfb ..................   Passed
        Start 186: qa_ofdm_txrx
186/218 Test #186: qa_ofdm_txrx .........................   Passed
        Start 187: qa_packet_format
187/218 Test #187: qa_packet_format .....................   Passed
        Start 188: qa_packet_headergenerator_bb
188/218 Test #188: qa_packet_headergenerator_bb .........   Passed
        Start 189: qa_packet_headerparser_b
189/218 Test #189: qa_packet_headerparser_b .............   Passed
        Start 190: qa_pfb_clock_sync
190/218 Test #190: qa_pfb_clock_sync ....................   Passed
        Start 191: qa_pn_correlator_cc
191/218 Test #191: qa_pn_correlator_cc ..................   Passed
        Start 192: qa_probe_density
192/218 Test #192: qa_probe_density .....................   Passed
        Start 193: qa_scrambler
193/218 Test #193: qa_scrambler .........................   Passed
        Start 194: qa_channel_model
194/218 Test #194: qa_channel_model .....................   Passed
        Start 195: qa_fading_model
195/218 Test #195: qa_fading_model ......................   Passed
        Start 196: qa_add_system_time
196/218 Test #196: qa_add_system_time ...................   Passed
        Start 197: qa_pdu
197/218 Test #197: qa_pdu ...............................   Passed
        Start 198: qa_pdu_lambda
198/218 Test #198: qa_pdu_lambda ........................   Passed
        Start 199: qa_pdu_split
199/218 Test #199: qa_pdu_split .........................   Passed
        Start 200: qa_pdu_to_stream
200/218 Test #200: qa_pdu_to_stream .....................   Passed
        Start 201: qa_tags_to_pdu
201/218 Test #201: qa_tags_to_pdu .......................   Passed
        Start 202: qa_take_skip_to_pdu
202/218 Test #202: qa_take_skip_to_pdu ..................   Passed
        Start 203: qa_time_delta
203/218 Test #203: qa_time_delta ........................   Passed
        Start 204: qa_trellis
204/218 Test #204: qa_trellis ...........................   Passed
        Start 205: test_modtool
205/218 Test #205: test_modtool .........................***Failed
        Start 206: qa_classify
206/218 Test #206: qa_classify ..........................   Passed
        Start 207: qa_zeromq_pub
207/218 Test #207: qa_zeromq_pub ........................   Passed
        Start 208: qa_zeromq_pubsub
208/218 Test #208: qa_zeromq_pubsub .....................   Passed
        Start 209: qa_zeromq_pull_msg_source
209/218 Test #209: qa_zeromq_pull_msg_source ............   Passed
        Start 210: qa_zeromq_pushpull
210/218 Test #210: qa_zeromq_pushpull ...................   Passed
        Start 211: qa_zeromq_req_msg_source
211/218 Test #211: qa_zeromq_req_msg_source .............   Passed
        Start 212: qa_zeromq_reqrep
212/218 Test #212: qa_zeromq_reqrep .....................   Passed
        Start 213: qa_zeromq_sub
213/218 Test #213: qa_zeromq_sub ........................   Passed
        Start 214: qa_zeromq_sub_msg_source
214/218 Test #214: qa_zeromq_sub_msg_source .............   Passed
        Start 215: qa_socket_pdu
215/218 Test #215: qa_socket_pdu ........................   Passed
        Start 216: qa_tcp_sink
216/218 Test #216: qa_tcp_sink ..........................   Passed
        Start 217: qa_udp_sink
217/218 Test #217: qa_udp_sink ..........................   Passed
        Start 218: qa_udp_source
218/218 Test #218: qa_udp_source ........................   Passed

95% tests passed, 11 tests failed out of 218

Total Test time (real) =

The following tests FAILED:
	 10 - qa_add_mult_div_sub (Failed)
	 11 - qa_add_mult_v (Failed)
	 80 - qa_type_conversions (Failed)
	 86 - qa_wavfile (Failed)
	 87 - test_rs (Not Run)
	106 - qa_fft_filter (Failed)
	118 - qa_interp_fir_filter (Failed)
	125 - qa_rational_resampler (Failed)
	160 - qa_cpm (Failed)
	176 - qa_linear_equalizer (Failed)
	205 - test_modtool (Failed)
Errors while running CTest
Output from these tests are in: /usr/lib/gnuradio/ptest/Testing/Temporary/LastTest.log
Use "--rerun-failed --output-on-failure" to re-run the failed cases verbosely.

ERROR: Exit status is 8
DURATION: 1358
END: /usr/lib/gnuradio/ptest
2023-09-09T00:59
2023-09-09T00:59
BEGIN: /usr/lib/volk/ptest
Test project /usr/lib/volk/ptest
        Start   1: check_lgpl
Could not find executable /scripts/licensing/count_contrib.sh
Looked in the following places:
/scripts/licensing/count_contrib.sh
/scripts/licensing/count_contrib.sh
/scripts/licensing/Release/count_contrib.sh
/scripts/licensing/Release/count_contrib.sh
/scripts/licensing/Debug/count_contrib.sh
/scripts/licensing/Debug/count_contrib.sh
/scripts/licensing/MinSizeRel/count_contrib.sh
/scripts/licensing/MinSizeRel/count_contrib.sh
/scripts/licensing/RelWithDebInfo/count_contrib.sh
/scripts/licensing/RelWithDebInfo/count_contrib.sh
/scripts/licensing/Deployment/count_contrib.sh
/scripts/licensing/Deployment/count_contrib.sh
/scripts/licensing/Development/count_contrib.sh
/scripts/licensing/Development/count_contrib.sh
scripts/licensing/count_contrib.sh
scripts/licensing/count_contrib.sh
scripts/licensing/Release/count_contrib.sh
scripts/licensing/Release/count_contrib.sh
scripts/licensing/Debug/count_contrib.sh
scripts/licensing/Debug/count_contrib.sh
scripts/licensing/MinSizeRel/count_contrib.sh
scripts/licensing/MinSizeRel/count_contrib.sh
scripts/licensing/RelWithDebInfo/count_contrib.sh
scripts/licensing/RelWithDebInfo/count_contrib.sh
scripts/licensing/Deployment/count_contrib.sh
scripts/licensing/Deployment/count_contrib.sh
scripts/licensing/Development/count_contrib.sh
scripts/licensing/Development/count_contrib.sh
Unable to find executable: /scripts/licensing/count_contrib.sh
  1/140 Test   #1: check_lgpl ...........................................***Not Run
        Start   2: qa_volk_16i_32fc_dot_prod_32fc
  2/140 Test   #2: qa_volk_16i_32fc_dot_prod_32fc .......................   Passed
        Start   3: qa_volk_16i_branch_4_state_8
  3/140 Test   #3: qa_volk_16i_branch_4_state_8 .........................   Passed
        Start   4: qa_volk_16i_convert_8i
  4/140 Test   #4: qa_volk_16i_convert_8i ...............................   Passed
        Start   5: qa_volk_16i_max_star_16i
  5/140 Test   #5: qa_volk_16i_max_star_16i .............................   Passed
        Start   6: qa_volk_16i_max_star_horizontal_16i
  6/140 Test   #6: qa_volk_16i_max_star_horizontal_16i ..................   Passed
        Start   7: qa_volk_16i_permute_and_scalar_add
  7/140 Test   #7: qa_volk_16i_permute_and_scalar_add ...................   Passed
        Start   8: qa_volk_16i_s32f_convert_32f
  8/140 Test   #8: qa_volk_16i_s32f_convert_32f .........................   Passed
        Start   9: qa_volk_16i_x4_quad_max_star_16i
  9/140 Test   #9: qa_volk_16i_x4_quad_max_star_16i .....................   Passed
        Start  10: qa_volk_16i_x5_add_quad_16i_x4
 10/140 Test  #10: qa_volk_16i_x5_add_quad_16i_x4 .......................   Passed
        Start  11: qa_volk_16ic_convert_32fc
 11/140 Test  #11: qa_volk_16ic_convert_32fc ............................   Passed
        Start  12: qa_volk_16ic_deinterleave_16i_x2
 12/140 Test  #12: qa_volk_16ic_deinterleave_16i_x2 .....................   Passed
        Start  13: qa_volk_16ic_deinterleave_real_16i
 13/140 Test  #13: qa_volk_16ic_deinterleave_real_16i ...................   Passed
        Start  14: qa_volk_16ic_deinterleave_real_8i
 14/140 Test  #14: qa_volk_16ic_deinterleave_real_8i ....................   Passed
        Start  15: qa_volk_16ic_magnitude_16i
 15/140 Test  #15: qa_volk_16ic_magnitude_16i ...........................   Passed
        Start  16: qa_volk_16ic_s32f_deinterleave_32f_x2
 16/140 Test  #16: qa_volk_16ic_s32f_deinterleave_32f_x2 ................   Passed
        Start  17: qa_volk_16ic_s32f_deinterleave_real_32f
 17/140 Test  #17: qa_volk_16ic_s32f_deinterleave_real_32f ..............   Passed
        Start  18: qa_volk_16ic_s32f_magnitude_32f
 18/140 Test  #18: qa_volk_16ic_s32f_magnitude_32f ......................   Passed
        Start  19: qa_volk_16ic_x2_dot_prod_16ic
 19/140 Test  #19: qa_volk_16ic_x2_dot_prod_16ic ........................   Passed
        Start  20: qa_volk_16ic_x2_multiply_16ic
 20/140 Test  #20: qa_volk_16ic_x2_multiply_16ic ........................   Passed
        Start  21: qa_volk_16u_byteswap
 21/140 Test  #21: qa_volk_16u_byteswap .................................   Passed
        Start  22: qa_volk_16u_byteswappuppet_16u
 22/140 Test  #22: qa_volk_16u_byteswappuppet_16u .......................   Passed
        Start  23: qa_volk_32f_64f_add_64f
 23/140 Test  #23: qa_volk_32f_64f_add_64f ..............................   Passed
        Start  24: qa_volk_32f_64f_multiply_64f
 24/140 Test  #24: qa_volk_32f_64f_multiply_64f .........................   Passed
        Start  25: qa_volk_32f_8u_polarbutterfly_32f
 25/140 Test  #25: qa_volk_32f_8u_polarbutterfly_32f ....................   Passed
        Start  26: qa_volk_32f_8u_polarbutterflypuppet_32f
 26/140 Test  #26: qa_volk_32f_8u_polarbutterflypuppet_32f ..............   Passed
        Start  27: qa_volk_32f_accumulator_s32f
 27/140 Test  #27: qa_volk_32f_accumulator_s32f .........................   Passed
        Start  28: qa_volk_32f_acos_32f
 28/140 Test  #28: qa_volk_32f_acos_32f .................................   Passed
        Start  29: qa_volk_32f_asin_32f
 29/140 Test  #29: qa_volk_32f_asin_32f .................................   Passed
        Start  30: qa_volk_32f_atan_32f
 30/140 Test  #30: qa_volk_32f_atan_32f .................................   Passed
        Start  31: qa_volk_32f_binary_slicer_32i
 31/140 Test  #31: qa_volk_32f_binary_slicer_32i ........................   Passed
        Start  32: qa_volk_32f_binary_slicer_8i
 32/140 Test  #32: qa_volk_32f_binary_slicer_8i .........................   Passed
        Start  33: qa_volk_32f_convert_64f
 33/140 Test  #33: qa_volk_32f_convert_64f ..............................   Passed
        Start  34: qa_volk_32f_cos_32f
 34/140 Test  #34: qa_volk_32f_cos_32f ..................................   Passed
        Start  35: qa_volk_32f_exp_32f
 35/140 Test  #35: qa_volk_32f_exp_32f ..................................   Passed
        Start  36: qa_volk_32f_expfast_32f
 36/140 Test  #36: qa_volk_32f_expfast_32f ..............................   Passed
        Start  37: qa_volk_32f_index_max_16u
 37/140 Test  #37: qa_volk_32f_index_max_16u ............................   Passed
        Start  38: qa_volk_32f_index_max_32u
 38/140 Test  #38: qa_volk_32f_index_max_32u ............................   Passed
        Start  39: qa_volk_32f_index_min_16u
 39/140 Test  #39: qa_volk_32f_index_min_16u ............................   Passed
        Start  40: qa_volk_32f_index_min_32u
 40/140 Test  #40: qa_volk_32f_index_min_32u ............................   Passed
        Start  41: qa_volk_32f_invsqrt_32f
 41/140 Test  #41: qa_volk_32f_invsqrt_32f ..............................   Passed
        Start  42: qa_volk_32f_log2_32f
 42/140 Test  #42: qa_volk_32f_log2_32f .................................   Passed
        Start  43: qa_volk_32f_null_32f
 43/140 Test  #43: qa_volk_32f_null_32f .................................   Passed
        Start  44: qa_volk_32f_s32f_32f_fm_detect_32f
 44/140 Test  #44: qa_volk_32f_s32f_32f_fm_detect_32f ...................   Passed
        Start  45: qa_volk_32f_s32f_add_32f
 45/140 Test  #45: qa_volk_32f_s32f_add_32f .............................   Passed
        Start  46: qa_volk_32f_s32f_calc_spectral_noise_floor_32f
 46/140 Test  #46: qa_volk_32f_s32f_calc_spectral_noise_floor_32f .......   Passed
        Start  47: qa_volk_32f_s32f_convert_16i
 47/140 Test  #47: qa_volk_32f_s32f_convert_16i .........................   Passed
        Start  48: qa_volk_32f_s32f_convert_32i
 48/140 Test  #48: qa_volk_32f_s32f_convert_32i .........................   Passed
        Start  49: qa_volk_32f_s32f_convert_8i
 49/140 Test  #49: qa_volk_32f_s32f_convert_8i ..........................   Passed
        Start  50: qa_volk_32f_s32f_mod_rangepuppet_32f
 50/140 Test  #50: qa_volk_32f_s32f_mod_rangepuppet_32f .................   Passed
        Start  51: qa_volk_32f_s32f_multiply_32f
 51/140 Test  #51: qa_volk_32f_s32f_multiply_32f ........................   Passed
        Start  52: qa_volk_32f_s32f_normalize
 52/140 Test  #52: qa_volk_32f_s32f_normalize ...........................   Passed
        Start  53: qa_volk_32f_s32f_power_32f
 53/140 Test  #53: qa_volk_32f_s32f_power_32f ...........................   Passed
        Start  54: qa_volk_32f_s32f_s32f_mod_range_32f
 54/140 Test  #54: qa_volk_32f_s32f_s32f_mod_range_32f ..................   Passed
        Start  55: qa_volk_32f_s32f_stddev_32f
 55/140 Test  #55: qa_volk_32f_s32f_stddev_32f ..........................   Passed
        Start  56: qa_volk_32f_sin_32f
 56/140 Test  #56: qa_volk_32f_sin_32f ..................................   Passed
        Start  57: qa_volk_32f_sqrt_32f
 57/140 Test  #57: qa_volk_32f_sqrt_32f .................................   Passed
        Start  58: qa_volk_32f_stddev_and_mean_32f_x2
 58/140 Test  #58: qa_volk_32f_stddev_and_mean_32f_x2 ...................   Passed
        Start  59: qa_volk_32f_tan_32f
 59/140 Test  #59: qa_volk_32f_tan_32f ..................................   Passed
        Start  60: qa_volk_32f_tanh_32f
 60/140 Test  #60: qa_volk_32f_tanh_32f .................................   Passed
        Start  61: qa_volk_32f_x2_add_32f
 61/140 Test  #61: qa_volk_32f_x2_add_32f ...............................   Passed
        Start  62: qa_volk_32f_x2_divide_32f
 62/140 Test  #62: qa_volk_32f_x2_divide_32f ............................   Passed
        Start  63: qa_volk_32f_x2_dot_prod_16i
 63/140 Test  #63: qa_volk_32f_x2_dot_prod_16i ..........................   Passed
        Start  64: qa_volk_32f_x2_dot_prod_32f
 64/140 Test  #64: qa_volk_32f_x2_dot_prod_32f ..........................   Passed
        Start  65: qa_volk_32f_x2_fm_detectpuppet_32f
 65/140 Test  #65: qa_volk_32f_x2_fm_detectpuppet_32f ...................   Passed
        Start  66: qa_volk_32f_x2_interleave_32fc
 66/140 Test  #66: qa_volk_32f_x2_interleave_32fc .......................   Passed
        Start  67: qa_volk_32f_x2_max_32f
 67/140 Test  #67: qa_volk_32f_x2_max_32f ...............................   Passed
        Start  68: qa_volk_32f_x2_min_32f
 68/140 Test  #68: qa_volk_32f_x2_min_32f ...............................   Passed
        Start  69: qa_volk_32f_x2_multiply_32f
 69/140 Test  #69: qa_volk_32f_x2_multiply_32f ..........................   Passed
        Start  70: qa_volk_32f_x2_pow_32f
 70/140 Test  #70: qa_volk_32f_x2_pow_32f ...............................   Passed
        Start  71: qa_volk_32f_x2_s32f_interleave_16ic
 71/140 Test  #71: qa_volk_32f_x2_s32f_interleave_16ic ..................   Passed
        Start  72: qa_volk_32f_x2_subtract_32f
 72/140 Test  #72: qa_volk_32f_x2_subtract_32f ..........................   Passed
        Start  73: qa_volk_32f_x3_sum_of_poly_32f
 73/140 Test  #73: qa_volk_32f_x3_sum_of_poly_32f .......................***Failed
        Start  74: qa_volk_32fc_32f_add_32fc
 74/140 Test  #74: qa_volk_32fc_32f_add_32fc ............................   Passed
        Start  75: qa_volk_32fc_32f_dot_prod_32fc
 75/140 Test  #75: qa_volk_32fc_32f_dot_prod_32fc .......................   Passed
        Start  76: qa_volk_32fc_32f_multiply_32fc
 76/140 Test  #76: qa_volk_32fc_32f_multiply_32fc .......................   Passed
        Start  77: qa_volk_32fc_accumulator_s32fc
 77/140 Test  #77: qa_volk_32fc_accumulator_s32fc .......................   Passed
        Start  78: qa_volk_32fc_conjugate_32fc
 78/140 Test  #78: qa_volk_32fc_conjugate_32fc ..........................   Passed
        Start  79: qa_volk_32fc_convert_16ic
 79/140 Test  #79: qa_volk_32fc_convert_16ic ............................   Passed
        Start  80: qa_volk_32fc_deinterleave_32f_x2
 80/140 Test  #80: qa_volk_32fc_deinterleave_32f_x2 .....................   Passed
        Start  81: qa_volk_32fc_deinterleave_64f_x2
 81/140 Test  #81: qa_volk_32fc_deinterleave_64f_x2 .....................   Passed
        Start  82: qa_volk_32fc_deinterleave_imag_32f
 82/140 Test  #82: qa_volk_32fc_deinterleave_imag_32f ...................   Passed
        Start  83: qa_volk_32fc_deinterleave_real_32f
 83/140 Test  #83: qa_volk_32fc_deinterleave_real_32f ...................   Passed
        Start  84: qa_volk_32fc_deinterleave_real_64f
 84/140 Test  #84: qa_volk_32fc_deinterleave_real_64f ...................   Passed
        Start  85: qa_volk_32fc_index_max_16u
 85/140 Test  #85: qa_volk_32fc_index_max_16u ...........................   Passed
        Start  86: qa_volk_32fc_index_max_32u
 86/140 Test  #86: qa_volk_32fc_index_max_32u ...........................   Passed
        Start  87: qa_volk_32fc_index_min_16u
 87/140 Test  #87: qa_volk_32fc_index_min_16u ...........................   Passed
        Start  88: qa_volk_32fc_index_min_32u
 88/140 Test  #88: qa_volk_32fc_index_min_32u ...........................   Passed
        Start  89: qa_volk_32fc_magnitude_32f
 89/140 Test  #89: qa_volk_32fc_magnitude_32f ...........................   Passed
        Start  90: qa_volk_32fc_magnitude_squared_32f
 90/140 Test  #90: qa_volk_32fc_magnitude_squared_32f ...................   Passed
        Start  91: qa_volk_32fc_s32f_atan2_32f
 91/140 Test  #91: qa_volk_32fc_s32f_atan2_32f ..........................   Passed
        Start  92: qa_volk_32fc_s32f_deinterleave_real_16i
 92/140 Test  #92: qa_volk_32fc_s32f_deinterleave_real_16i ..............   Passed
        Start  93: qa_volk_32fc_s32f_magnitude_16i
 93/140 Test  #93: qa_volk_32fc_s32f_magnitude_16i ......................   Passed
        Start  94: qa_volk_32fc_s32f_power_32fc
 94/140 Test  #94: qa_volk_32fc_s32f_power_32fc .........................   Passed
        Start  95: qa_volk_32fc_s32f_power_spectral_densitypuppet_32f
 95/140 Test  #95: qa_volk_32fc_s32f_power_spectral_densitypuppet_32f ...   Passed
        Start  96: qa_volk_32fc_s32f_power_spectrum_32f
 96/140 Test  #96: qa_volk_32fc_s32f_power_spectrum_32f .................   Passed
        Start  97: qa_volk_32fc_s32f_x2_power_spectral_density_32f
 97/140 Test  #97: qa_volk_32fc_s32f_x2_power_spectral_density_32f ......   Passed
        Start  98: qa_volk_32fc_s32fc_multiply_32fc
 98/140 Test  #98: qa_volk_32fc_s32fc_multiply_32fc .....................   Passed
        Start  99: qa_volk_32fc_s32fc_rotatorpuppet_32fc
 99/140 Test  #99: qa_volk_32fc_s32fc_rotatorpuppet_32fc ................   Passed
        Start 100: qa_volk_32fc_s32fc_x2_rotator_32fc
100/140 Test #100: qa_volk_32fc_s32fc_x2_rotator_32fc ...................   Passed
        Start 101: qa_volk_32fc_x2_add_32fc
101/140 Test #101: qa_volk_32fc_x2_add_32fc .............................   Passed
        Start 102: qa_volk_32fc_x2_conjugate_dot_prod_32fc
102/140 Test #102: qa_volk_32fc_x2_conjugate_dot_prod_32fc ..............   Passed
        Start 103: qa_volk_32fc_x2_divide_32fc
103/140 Test #103: qa_volk_32fc_x2_divide_32fc ..........................   Passed
        Start 104: qa_volk_32fc_x2_dot_prod_32fc
104/140 Test #104: qa_volk_32fc_x2_dot_prod_32fc ........................   Passed
        Start 105: qa_volk_32fc_x2_multiply_32fc
105/140 Test #105: qa_volk_32fc_x2_multiply_32fc ........................   Passed
        Start 106: qa_volk_32fc_x2_multiply_conjugate_32fc
106/140 Test #106: qa_volk_32fc_x2_multiply_conjugate_32fc ..............   Passed
        Start 107: qa_volk_32fc_x2_s32f_square_dist_scalar_mult_32f
107/140 Test #107: qa_volk_32fc_x2_s32f_square_dist_scalar_mult_32f .....   Passed
        Start 108: qa_volk_32fc_x2_s32fc_multiply_conjugate_add_32fc
108/140 Test #108: qa_volk_32fc_x2_s32fc_multiply_conjugate_add_32fc ....   Passed
        Start 109: qa_volk_32fc_x2_square_dist_32f
109/140 Test #109: qa_volk_32fc_x2_square_dist_32f ......................   Passed
        Start 110: qa_volk_32i_s32f_convert_32f
110/140 Test #110: qa_volk_32i_s32f_convert_32f .........................   Passed
        Start 111: qa_volk_32i_x2_and_32i
111/140 Test #111: qa_volk_32i_x2_and_32i ...............................   Passed
        Start 112: qa_volk_32i_x2_or_32i
112/140 Test #112: qa_volk_32i_x2_or_32i ................................   Passed
        Start 113: qa_volk_32u_byteswap
113/140 Test #113: qa_volk_32u_byteswap .................................   Passed
        Start 114: qa_volk_32u_byteswappuppet_32u
114/140 Test #114: qa_volk_32u_byteswappuppet_32u .......................   Passed
        Start 115: qa_volk_32u_popcnt
115/140 Test #115: qa_volk_32u_popcnt ...................................   Passed
        Start 116: qa_volk_32u_popcntpuppet_32u
116/140 Test #116: qa_volk_32u_popcntpuppet_32u .........................   Passed
        Start 117: qa_volk_32u_reverse_32u
117/140 Test #117: qa_volk_32u_reverse_32u ..............................   Passed
        Start 118: qa_volk_64f_convert_32f
118/140 Test #118: qa_volk_64f_convert_32f ..............................   Passed
        Start 119: qa_volk_64f_x2_add_64f
119/140 Test #119: qa_volk_64f_x2_add_64f ...............................   Passed
        Start 120: qa_volk_64f_x2_max_64f
120/140 Test #120: qa_volk_64f_x2_max_64f ...............................   Passed
        Start 121: qa_volk_64f_x2_min_64f
121/140 Test #121: qa_volk_64f_x2_min_64f ...............................   Passed
        Start 122: qa_volk_64f_x2_multiply_64f
122/140 Test #122: qa_volk_64f_x2_multiply_64f ..........................   Passed
        Start 123: qa_volk_64u_byteswap
123/140 Test #123: qa_volk_64u_byteswap .................................   Passed
        Start 124: qa_volk_64u_byteswappuppet_64u
124/140 Test #124: qa_volk_64u_byteswappuppet_64u .......................   Passed
        Start 125: qa_volk_64u_popcnt
125/140 Test #125: qa_volk_64u_popcnt ...................................   Passed
        Start 126: qa_volk_64u_popcntpuppet_64u
126/140 Test #126: qa_volk_64u_popcntpuppet_64u .........................   Passed
        Start 127: qa_volk_8i_convert_16i
127/140 Test #127: qa_volk_8i_convert_16i ...............................   Passed
        Start 128: qa_volk_8i_s32f_convert_32f
128/140 Test #128: qa_volk_8i_s32f_convert_32f ..........................   Passed
        Start 129: qa_volk_8ic_deinterleave_16i_x2
129/140 Test #129: qa_volk_8ic_deinterleave_16i_x2 ......................   Passed
        Start 130: qa_volk_8ic_deinterleave_real_16i
130/140 Test #130: qa_volk_8ic_deinterleave_real_16i ....................   Passed
        Start 131: qa_volk_8ic_deinterleave_real_8i
131/140 Test #131: qa_volk_8ic_deinterleave_real_8i .....................   Passed
        Start 132: qa_volk_8ic_s32f_deinterleave_32f_x2
132/140 Test #132: qa_volk_8ic_s32f_deinterleave_32f_x2 .................   Passed
        Start 133: qa_volk_8ic_s32f_deinterleave_real_32f
133/140 Test #133: qa_volk_8ic_s32f_deinterleave_real_32f ...............   Passed
        Start 134: qa_volk_8ic_x2_multiply_conjugate_16ic
134/140 Test #134: qa_volk_8ic_x2_multiply_conjugate_16ic ...............   Passed
        Start 135: qa_volk_8ic_x2_s32f_multiply_conjugate_32fc
135/140 Test #135: qa_volk_8ic_x2_s32f_multiply_conjugate_32fc ..........   Passed
        Start 136: qa_volk_8u_conv_k7_r2puppet_8u
136/140 Test #136: qa_volk_8u_conv_k7_r2puppet_8u .......................   Passed
        Start 137: qa_volk_8u_x2_encodeframepolar_8u
137/140 Test #137: qa_volk_8u_x2_encodeframepolar_8u ....................   Passed
        Start 138: qa_volk_8u_x3_encodepolar_8u_x2
138/140 Test #138: qa_volk_8u_x3_encodepolar_8u_x2 ......................   Passed
        Start 139: qa_volk_8u_x3_encodepolarpuppet_8u
139/140 Test #139: qa_volk_8u_x3_encodepolarpuppet_8u ...................   Passed
        Start 140: qa_volk_8u_x4_conv_k7_r2_8u
140/140 Test #140: qa_volk_8u_x4_conv_k7_r2_8u ..........................   Passed

99% tests passed, 2 tests failed out of 140

Total Test time (real) =

The following tests FAILED:
	  1 - check_lgpl (Not Run)
	 73 - qa_volk_32f_x3_sum_of_poly_32f (Failed)
Errors while running CTest
Output from these tests are in: /usr/lib/volk/ptest/Testing/Temporary/LastTest.log
Use "--rerun-failed --output-on-failure" to re-run the failed cases verbosely.

ERROR: Exit status is 8
DURATION: 27
END: /usr/lib/volk/ptest
2023-09-09T00:59
STOP: ptest-runner
TOTAL: 3 FAIL: 1
